[2017-02-26 11:40:45.297] [INFO] pomelo - [32m[/home/alice/Documents/pomelo/pomelo-server/game-server/node_modules/pomelo/lib/application.js] [39mapplication inited: "connector-server-1"
[2017-02-26 11:40:45.766] [INFO] pomelo - [32m[/home/alice/Documents/pomelo/pomelo-server/game-server/node_modules/pomelo/lib/application.js] [39m"connector-server-1" enter after start...
[2017-02-26 11:40:45.768] [INFO] pomelo - [32m[/home/alice/Documents/pomelo/pomelo-server/game-server/node_modules/pomelo/lib/application.js] [39m"connector-server-1" finish start
[2017-02-26 11:40:45.769] [INFO] pomelo - [32m[/home/alice/Documents/pomelo/pomelo-server/game-server/node_modules/pomelo/lib/application.js] [39m"connector-server-1" startup in 397 ms
[2017-02-26 14:05:54.898] [INFO] pomelo - [32m[/home/alice/Documents/pomelo/pomelo-server/game-server/node_modules/pomelo/lib/application.js] [39mapplication inited: "connector-server-1"
[2017-02-26 14:05:55.342] [INFO] pomelo - [32m[/home/alice/Documents/pomelo/pomelo-server/game-server/node_modules/pomelo/lib/application.js] [39m"connector-server-1" enter after start...
[2017-02-26 14:05:55.345] [INFO] pomelo - [32m[/home/alice/Documents/pomelo/pomelo-server/game-server/node_modules/pomelo/lib/application.js] [39m"connector-server-1" finish start
[2017-02-26 14:05:55.345] [INFO] pomelo - [32m[/home/alice/Documents/pomelo/pomelo-server/game-server/node_modules/pomelo/lib/application.js] [39m"connector-server-1" startup in 365 ms
[2017-02-26 14:07:37.304] [DEBUG] pomelo - [36m[/home/alice/Documents/pomelo/pomelo-server/game-server/node_modules/pomelo/lib/components/connector.js] [39m[connector-server-1] getSession session is created with session id: 1
[2017-02-26 14:07:37.347] [DEBUG] pomelo - [36m[/home/alice/Documents/pomelo/pomelo-server/game-server/node_modules/pomelo/lib/components/connector.js] [39m[connector-server-1] handleMessage session id: 1, msg: {"id":1,"type":0,"compressRoute":0,"route":"connector.entryHandler.entry","body":"hello pomelo","compressGzip":0}
[2017-02-26 14:07:37.355] [DEBUG] pomelo - [36m[/home/alice/Documents/pomelo/pomelo-server/game-server/node_modules/pomelo/lib/components/connector.js] [39m[connector-server-1] send message reqId: 1, route: connector.entryHandler.entry, msg: {"code":200,"msg":"game server is ok."}, receivers: [1], opts: {"type":"response","userOptions":{},"isResponse":true}
[2017-02-26 14:08:33.060] [DEBUG] pomelo - [36m[/home/alice/Documents/pomelo/pomelo-server/game-server/node_modules/pomelo/lib/common/service/sessionService.js] [39msession on [connector-server-1] is closed with session id: 1
[2017-02-27 16:30:34.961] [INFO] pomelo - [32m[/home/alice/Documents/pomelo/pomelo-server/game-server/node_modules/pomelo/lib/application.js] [39mapplication inited: "connector-server-1"
[2017-02-27 16:30:35.726] [INFO] pomelo - [32m[/home/alice/Documents/pomelo/pomelo-server/game-server/node_modules/pomelo/lib/application.js] [39m"connector-server-1" enter after start...
[2017-02-27 16:30:35.729] [INFO] pomelo - [32m[/home/alice/Documents/pomelo/pomelo-server/game-server/node_modules/pomelo/lib/application.js] [39m"connector-server-1" finish start
[2017-02-27 16:30:35.732] [INFO] pomelo - [32m[/home/alice/Documents/pomelo/pomelo-server/game-server/node_modules/pomelo/lib/application.js] [39m"connector-server-1" startup in 635 ms
[2017-02-27 16:30:36.629] [DEBUG] pomelo - [36m[/home/alice/Documents/pomelo/pomelo-server/game-server/node_modules/pomelo/lib/modules/monitorwatcher.js] [39m[connector-server-1] receive addServer signal: {"action":"addServer","server":{"main":"/home/alice/Documents/pomelo/pomelo-server/game-server/app.js","env":"development","id":"gate-server-1","host":"127.0.0.1","clientPort":3014,"frontend":"true","serverType":"gate"}}
[2017-02-27 16:36:23.675] [INFO] pomelo - [32m[/home/alice/Documents/pomelo/pomelo-server/game-server/node_modules/pomelo/lib/application.js] [39mapplication inited: "connector-server-1"
[2017-02-27 16:36:24.421] [INFO] pomelo - [32m[/home/alice/Documents/pomelo/pomelo-server/game-server/node_modules/pomelo/lib/application.js] [39m"connector-server-1" enter after start...
[2017-02-27 16:36:24.428] [INFO] pomelo - [32m[/home/alice/Documents/pomelo/pomelo-server/game-server/node_modules/pomelo/lib/application.js] [39m"connector-server-1" finish start
[2017-02-27 16:36:24.429] [INFO] pomelo - [32m[/home/alice/Documents/pomelo/pomelo-server/game-server/node_modules/pomelo/lib/application.js] [39m"connector-server-1" startup in 621 ms
[2017-02-27 16:36:25.405] [DEBUG] pomelo - [36m[/home/alice/Documents/pomelo/pomelo-server/game-server/node_modules/pomelo/lib/modules/monitorwatcher.js] [39m[connector-server-1] receive addServer signal: {"action":"addServer","server":{"main":"/home/alice/Documents/pomelo/pomelo-server/game-server/app.js","env":"development","id":"gate-server-1","host":"127.0.0.1","clientPort":3014,"frontend":"true","serverType":"gate"}}
[2017-02-27 16:36:53.678] [INFO] pomelo - [32m[/home/alice/Documents/pomelo/pomelo-server/game-server/node_modules/pomelo/lib/application.js] [39mapplication inited: "connector-server-1"
[2017-02-27 16:36:54.426] [INFO] pomelo - [32m[/home/alice/Documents/pomelo/pomelo-server/game-server/node_modules/pomelo/lib/application.js] [39m"connector-server-1" enter after start...
[2017-02-27 16:36:54.429] [INFO] pomelo - [32m[/home/alice/Documents/pomelo/pomelo-server/game-server/node_modules/pomelo/lib/application.js] [39m"connector-server-1" finish start
[2017-02-27 16:36:54.430] [INFO] pomelo - [32m[/home/alice/Documents/pomelo/pomelo-server/game-server/node_modules/pomelo/lib/application.js] [39m"connector-server-1" startup in 609 ms
[2017-02-27 16:36:55.409] [DEBUG] pomelo - [36m[/home/alice/Documents/pomelo/pomelo-server/game-server/node_modules/pomelo/lib/modules/monitorwatcher.js] [39m[connector-server-1] receive addServer signal: {"action":"addServer","server":{"main":"/home/alice/Documents/pomelo/pomelo-server/game-server/app.js","env":"development","id":"gate-server-1","host":"127.0.0.1","clientPort":3014,"frontend":"true","serverType":"gate"}}
[2017-02-27 16:53:19.222] [INFO] pomelo - [32m[/home/alice/Documents/pomelo/pomelo-server/game-server/node_modules/pomelo/lib/application.js] [39mapplication inited: "connector-server-1"
[2017-02-27 16:53:19.938] [INFO] pomelo - [32m[/home/alice/Documents/pomelo/pomelo-server/game-server/node_modules/pomelo/lib/application.js] [39m"connector-server-1" enter after start...
[2017-02-27 16:53:19.944] [INFO] pomelo - [32m[/home/alice/Documents/pomelo/pomelo-server/game-server/node_modules/pomelo/lib/application.js] [39m"connector-server-1" finish start
[2017-02-27 16:53:19.948] [INFO] pomelo - [32m[/home/alice/Documents/pomelo/pomelo-server/game-server/node_modules/pomelo/lib/application.js] [39m"connector-server-1" startup in 602 ms
[2017-02-27 16:53:20.959] [DEBUG] pomelo - [36m[/home/alice/Documents/pomelo/pomelo-server/game-server/node_modules/pomelo/lib/modules/monitorwatcher.js] [39m[connector-server-1] receive addServer signal: {"action":"addServer","server":{"main":"/home/alice/Documents/pomelo/pomelo-server/game-server/app.js","env":"development","id":"gate-server-1","host":"127.0.0.1","clientPort":3014,"frontend":"true","serverType":"gate"}}
[2017-02-27 16:53:27.294] [INFO] pomelo - [32m[/home/alice/Documents/pomelo/pomelo-server/game-server/node_modules/pomelo/lib/application.js] [39mapplication inited: "connector-server-1"
[2017-02-27 16:53:28.142] [INFO] pomelo - [32m[/home/alice/Documents/pomelo/pomelo-server/game-server/node_modules/pomelo/lib/application.js] [39m"connector-server-1" enter after start...
[2017-02-27 16:53:28.149] [INFO] pomelo - [32m[/home/alice/Documents/pomelo/pomelo-server/game-server/node_modules/pomelo/lib/application.js] [39m"connector-server-1" finish start
[2017-02-27 16:53:28.149] [INFO] pomelo - [32m[/home/alice/Documents/pomelo/pomelo-server/game-server/node_modules/pomelo/lib/application.js] [39m"connector-server-1" startup in 722 ms
[2017-02-27 16:53:29.148] [DEBUG] pomelo - [36m[/home/alice/Documents/pomelo/pomelo-server/game-server/node_modules/pomelo/lib/modules/monitorwatcher.js] [39m[connector-server-1] receive addServer signal: {"action":"addServer","server":{"main":"/home/alice/Documents/pomelo/pomelo-server/game-server/app.js","env":"development","id":"gate-server-1","host":"127.0.0.1","clientPort":3014,"frontend":"true","serverType":"gate"}}
[2017-02-27 16:59:45.263] [INFO] pomelo - [32m[/home/alice/Documents/pomelo/pomelo-server/game-server/node_modules/pomelo/lib/application.js] [39mapplication inited: "connector-server-1"
[2017-02-27 16:59:46.126] [INFO] pomelo - [32m[/home/alice/Documents/pomelo/pomelo-server/game-server/node_modules/pomelo/lib/application.js] [39m"connector-server-1" enter after start...
[2017-02-27 16:59:46.133] [INFO] pomelo - [32m[/home/alice/Documents/pomelo/pomelo-server/game-server/node_modules/pomelo/lib/application.js] [39m"connector-server-1" finish start
[2017-02-27 16:59:46.133] [INFO] pomelo - [32m[/home/alice/Documents/pomelo/pomelo-server/game-server/node_modules/pomelo/lib/application.js] [39m"connector-server-1" startup in 688 ms
[2017-02-27 16:59:47.089] [DEBUG] pomelo - [36m[/home/alice/Documents/pomelo/pomelo-server/game-server/node_modules/pomelo/lib/modules/monitorwatcher.js] [39m[connector-server-1] receive addServer signal: {"action":"addServer","server":{"main":"/home/alice/Documents/pomelo/pomelo-server/game-server/app.js","env":"development","id":"gate-server-1","host":"127.0.0.1","clientPort":3014,"frontend":"true","serverType":"gate"}}
